<?xml version="1.0" encoding="UTF-8" ?>
<testsuites disabled="0" errors="0" failures="0" tests="3" time="0.368">
 <testsuite name="Validate Registration and Login functionality" timestamp="2024-11-20T16:17:24" hostname="localhost" time="0.368" errors="0" tests="3" skipped="0" disabled="0" failures="0">
  <testcase classname="Validate Registration and Login functionality" name="logout user" time="0.179" />
  <testcase classname="Validate Registration and Login functionality" name="register new user" time="0.143" />
  <testcase classname="Validate Registration and Login functionality" name="login user" time="0.044" />
 </testsuite>
</testsuites>