<?xml version="1.0" encoding="UTF-8" ?>
<testsuites disabled="0" errors="0" failures="0" tests="3" time="0.271">
 <testsuite name="Validate Article functionality" timestamp="2024-11-20T16:17:25" hostname="localhost" time="0.271" errors="0" tests="3" skipped="0" disabled="0" failures="0">
  <testcase classname="Validate Article functionality" name="should return an article with a specified id" time="0.044" />
  <testcase classname="Validate Article functionality" name="should add new article with successive article id, return list of articles with new article" time="0.095" />
  <testcase classname="Validate Article functionality" name="should give me two or more articles" time="0.088" />
 </testsuite>
</testsuites>